<?xml version="1.0" encoding="UTF-8"?>
<coverage generated="1771624260930" clover="3.2.0">
  <project timestamp="1771624260931" name="All files">
    <metrics statements="20" coveredstatements="11" conditionals="2" coveredconditionals="1" methods="2" coveredmethods="1" elements="24" coveredelements="13" complexity="0" loc="20" ncloc="20" packages="1" files="2" classes="2"/>
    <file name="App.tsx" path="C:\Users\Usuario\Desktop\SENA\Proyecto\bovitrack\fe\src\App.tsx">
      <metrics statements="11" coveredstatements="11" conditionals="1" coveredconditionals="1" methods="1" coveredmethods="1"/>
      <line num="1" count="1" type="stmt"/>
      <line num="8" count="1" type="stmt"/>
      <line num="10" count="2" type="cond" truecount="1" falsecount="0"/>
      <line num="11" count="2" type="stmt"/>
      <line num="12" count="2" type="stmt"/>
      <line num="13" count="2" type="stmt"/>
      <line num="17" count="2" type="stmt"/>
      <line num="18" count="2" type="stmt"/>
      <line num="19" count="2" type="stmt"/>
      <line num="21" count="2" type="stmt"/>
      <line num="23" count="1" type="stmt"/>
    </file>
    <file name="main.tsx" path="C:\Users\Usuario\Desktop\SENA\Proyecto\bovitrack\fe\src\main.tsx">
      <metrics statements="9" coveredstatements="0" conditionals="1" coveredconditionals="0" methods="1" coveredmethods="0"/>
      <line num="1" count="0" type="cond" truecount="0" falsecount="1"/>
      <line num="2" count="0" type="stmt"/>
      <line num="3" count="0" type="stmt"/>
      <line num="4" count="0" type="stmt"/>
      <line num="6" count="0" type="stmt"/>
      <line num="7" count="0" type="stmt"/>
      <line num="8" count="0" type="stmt"/>
      <line num="9" count="0" type="stmt"/>
      <line num="10" count="0" type="stmt"/>
    </file>
  </project>
</coverage>
